<?xml version="1.0" encoding="UTF-8"?>
<testsuite xmlns:xsi="http://www.w3.org/2001/XMLSchema-instance" xsi:noNamespaceSchemaLocation="https://maven.apache.org/surefire/maven-surefire-plugin/xsd/surefire-test-report-3.0.xsd" version="3.0" name="com.libbi.trivia.TriviaApplicationTests" time="7.478" tests="1" errors="0" skipped="0" failures="0">
  <properties>
    <property name="java.specification.version" value="17"/>
    <property name="sun.jnu.encoding" value="UTF-8"/>
    <property name="java.class.path" value="/Users/elizabetheilbert/projects/trivia/triviav2/triviav2/backend/target/test-classes:/Users/elizabetheilbert/projects/trivia/triviav2/triviav2/backend/target/classes:/Users/elizabetheilbert/.m2/repository/io/jsonwebtoken/jjwt-api/0.11.5/jjwt-api-0.11.5.jar:/Users/elizabetheilbert/.m2/repository/io/jsonwebtoken/jjwt-impl/0.11.5/jjwt-impl-0.11.5.jar:/Users/elizabetheilbert/.m2/repository/org/mapstruct/mapstruct/1.4.1.Final/mapstruct-1.4.1.Final.jar:/Users/elizabetheilbert/.m2/repository/io/jsonwebtoken/jjwt-jackson/0.11.5/jjwt-jackson-0.11.5.jar:/Users/elizabetheilbert/.m2/repository/com/fasterxml/jackson/core/jackson-databind/2.15.4/jackson-databind-2.15.4.jar:/Users/elizabetheilbert/.m2/repository/com/fasterxml/jackson/core/jackson-annotations/2.15.4/jackson-annotations-2.15.4.jar:/Users/elizabetheilbert/.m2/repository/com/fasterxml/jackson/core/jackson-core/2.15.4/jackson-core-2.15.4.jar:/Users/elizabetheilbert/.m2/repository/org/springframework/boot/spring-boot-starter-data-jpa/3.2.5/spring-boot-starter-data-jpa-3.2.5.jar:/Users/elizabetheilbert/.m2/repository/org/springframework/boot/spring-boot-starter-aop/3.2.5/spring-boot-starter-aop-3.2.5.jar:/Users/elizabetheilbert/.m2/repository/org/aspectj/aspectjweaver/1.9.22/aspectjweaver-1.9.22.jar:/Users/elizabetheilbert/.m2/repository/org/springframework/boot/spring-boot-starter-jdbc/3.2.5/spring-boot-starter-jdbc-3.2.5.jar:/Users/elizabetheilbert/.m2/repository/com/zaxxer/HikariCP/5.0.1/HikariCP-5.0.1.jar:/Users/elizabetheilbert/.m2/repository/org/springframework/spring-jdbc/6.1.6/spring-jdbc-6.1.6.jar:/Users/elizabetheilbert/.m2/repository/org/hibernate/orm/hibernate-core/6.4.4.Final/hibernate-core-6.4.4.Final.jar:/Users/elizabetheilbert/.m2/repository/jakarta/persistence/jakarta.persistence-api/3.1.0/jakarta.persistence-api-3.1.0.jar:/Users/elizabetheilbert/.m2/repository/jakarta/transaction/jakarta.transaction-api/2.0.1/jakarta.transaction-api-2.0.1.jar:/Users/elizabetheilbert/.m2/repository/org/jboss/logging/jboss-logging/3.5.3.Final/jboss-logging-3.5.3.Final.jar:/Users/elizabetheilbert/.m2/repository/org/hibernate/common/hibernate-commons-annotations/6.0.6.Final/hibernate-commons-annotations-6.0.6.Final.jar:/Users/elizabetheilbert/.m2/repository/io/smallrye/jandex/3.1.2/jandex-3.1.2.jar:/Users/elizabetheilbert/.m2/repository/com/fasterxml/classmate/1.6.0/classmate-1.6.0.jar:/Users/elizabetheilbert/.m2/repository/net/bytebuddy/byte-buddy/1.14.13/byte-buddy-1.14.13.jar:/Users/elizabetheilbert/.m2/repository/org/glassfish/jaxb/jaxb-runtime/4.0.5/jaxb-runtime-4.0.5.jar:/Users/elizabetheilbert/.m2/repository/org/glassfish/jaxb/jaxb-core/4.0.5/jaxb-core-4.0.5.jar:/Users/elizabetheilbert/.m2/repository/org/eclipse/angus/angus-activation/2.0.2/angus-activation-2.0.2.jar:/Users/elizabetheilbert/.m2/repository/org/glassfish/jaxb/txw2/4.0.5/txw2-4.0.5.jar:/Users/elizabetheilbert/.m2/repository/com/sun/istack/istack-commons-runtime/4.1.2/istack-commons-runtime-4.1.2.jar:/Users/elizabetheilbert/.m2/repository/jakarta/inject/jakarta.inject-api/2.0.1/jakarta.inject-api-2.0.1.jar:/Users/elizabetheilbert/.m2/repository/org/antlr/antlr4-runtime/4.13.0/antlr4-runtime-4.13.0.jar:/Users/elizabetheilbert/.m2/repository/org/springframework/data/spring-data-jpa/3.2.5/spring-data-jpa-3.2.5.jar:/Users/elizabetheilbert/.m2/repository/org/springframework/data/spring-data-commons/3.2.5/spring-data-commons-3.2.5.jar:/Users/elizabetheilbert/.m2/repository/org/springframework/spring-orm/6.1.6/spring-orm-6.1.6.jar:/Users/elizabetheilbert/.m2/repository/org/springframework/spring-context/6.1.6/spring-context-6.1.6.jar:/Users/elizabetheilbert/.m2/repository/org/springframework/spring-tx/6.1.6/spring-tx-6.1.6.jar:/Users/elizabetheilbert/.m2/repository/org/springframework/spring-beans/6.1.6/spring-beans-6.1.6.jar:/Users/elizabetheilbert/.m2/repository/jakarta/annotation/jakarta.annotation-api/2.1.1/jakarta.annotation-api-2.1.1.jar:/Users/elizabetheilbert/.m2/repository/org/slf4j/slf4j-api/2.0.13/slf4j-api-2.0.13.jar:/Users/elizabetheilbert/.m2/repository/org/springframework/spring-aspects/6.1.6/spring-aspects-6.1.6.jar:/Users/elizabetheilbert/.m2/repository/org/springframework/boot/spring-boot-starter-security/3.2.5/spring-boot-starter-security-3.2.5.jar:/Users/elizabetheilbert/.m2/repository/org/springframework/boot/spring-boot-starter/3.2.5/spring-boot-starter-3.2.5.jar:/Users/elizabetheilbert/.m2/repository/org/springframework/boot/spring-boot/3.2.5/spring-boot-3.2.5.jar:/Users/elizabetheilbert/.m2/repository/org/springframework/boot/spring-boot-autoconfigure/3.2.5/spring-boot-autoconfigure-3.2.5.jar:/Users/elizabetheilbert/.m2/repository/org/springframework/boot/spring-boot-starter-logging/3.2.5/spring-boot-starter-logging-3.2.5.jar:/Users/elizabetheilbert/.m2/repository/ch/qos/logback/logback-classic/1.4.14/logback-classic-1.4.14.jar:/Users/elizabetheilbert/.m2/repository/ch/qos/logback/logback-core/1.4.14/logback-core-1.4.14.jar:/Users/elizabetheilbert/.m2/repository/org/apache/logging/log4j/log4j-to-slf4j/2.21.1/log4j-to-slf4j-2.21.1.jar:/Users/elizabetheilbert/.m2/repository/org/apache/logging/log4j/log4j-api/2.21.1/log4j-api-2.21.1.jar:/Users/elizabetheilbert/.m2/repository/org/slf4j/jul-to-slf4j/2.0.13/jul-to-slf4j-2.0.13.jar:/Users/elizabetheilbert/.m2/repository/org/yaml/snakeyaml/2.2/snakeyaml-2.2.jar:/Users/elizabetheilbert/.m2/repository/org/springframework/spring-aop/6.1.6/spring-aop-6.1.6.jar:/Users/elizabetheilbert/.m2/repository/org/springframework/security/spring-security-config/6.2.4/spring-security-config-6.2.4.jar:/Users/elizabetheilbert/.m2/repository/org/springframework/security/spring-security-web/6.2.4/spring-security-web-6.2.4.jar:/Users/elizabetheilbert/.m2/repository/org/springframework/spring-expression/6.1.6/spring-expression-6.1.6.jar:/Users/elizabetheilbert/.m2/repository/org/springframework/boot/spring-boot-starter-web/3.2.5/spring-boot-starter-web-3.2.5.jar:/Users/elizabetheilbert/.m2/repository/org/springframework/boot/spring-boot-starter-json/3.2.5/spring-boot-starter-json-3.2.5.jar:/Users/elizabetheilbert/.m2/repository/com/fasterxml/jackson/datatype/jackson-datatype-jdk8/2.15.4/jackson-datatype-jdk8-2.15.4.jar:/Users/elizabetheilbert/.m2/repository/com/fasterxml/jackson/datatype/jackson-datatype-jsr310/2.15.4/jackson-datatype-jsr310-2.15.4.jar:/Users/elizabetheilbert/.m2/repository/com/fasterxml/jackson/module/jackson-module-parameter-names/2.15.4/jackson-module-parameter-names-2.15.4.jar:/Users/elizabetheilbert/.m2/repository/org/springframework/boot/spring-boot-starter-tomcat/3.2.5/spring-boot-starter-tomcat-3.2.5.jar:/Users/elizabetheilbert/.m2/repository/org/apache/tomcat/embed/tomcat-embed-core/10.1.20/tomcat-embed-core-10.1.20.jar:/Users/elizabetheilbert/.m2/repository/org/apache/tomcat/embed/tomcat-embed-el/10.1.20/tomcat-embed-el-10.1.20.jar:/Users/elizabetheilbert/.m2/repository/org/apache/tomcat/embed/tomcat-embed-websocket/10.1.20/tomcat-embed-websocket-10.1.20.jar:/Users/elizabetheilbert/.m2/repository/org/springframework/spring-web/6.1.6/spring-web-6.1.6.jar:/Users/elizabetheilbert/.m2/repository/io/micrometer/micrometer-observation/1.12.5/micrometer-observation-1.12.5.jar:/Users/elizabetheilbert/.m2/repository/io/micrometer/micrometer-commons/1.12.5/micrometer-commons-1.12.5.jar:/Users/elizabetheilbert/.m2/repository/org/springframework/spring-webmvc/6.1.6/spring-webmvc-6.1.6.jar:/Users/elizabetheilbert/.m2/repository/org/postgresql/postgresql/42.6.2/postgresql-42.6.2.jar:/Users/elizabetheilbert/.m2/repository/org/checkerframework/checker-qual/3.31.0/checker-qual-3.31.0.jar:/Users/elizabetheilbert/.m2/repository/org/projectlombok/lombok/1.18.32/lombok-1.18.32.jar:/Users/elizabetheilbert/.m2/repository/org/springframework/boot/spring-boot-starter-test/3.2.5/spring-boot-starter-test-3.2.5.jar:/Users/elizabetheilbert/.m2/repository/org/springframework/boot/spring-boot-test/3.2.5/spring-boot-test-3.2.5.jar:/Users/elizabetheilbert/.m2/repository/org/springframework/boot/spring-boot-test-autoconfigure/3.2.5/spring-boot-test-autoconfigure-3.2.5.jar:/Users/elizabetheilbert/.m2/repository/com/jayway/jsonpath/json-path/2.9.0/json-path-2.9.0.jar:/Users/elizabetheilbert/.m2/repository/jakarta/xml/bind/jakarta.xml.bind-api/4.0.2/jakarta.xml.bind-api-4.0.2.jar:/Users/elizabetheilbert/.m2/repository/jakarta/activation/jakarta.activation-api/2.1.3/jakarta.activation-api-2.1.3.jar:/Users/elizabetheilbert/.m2/repository/net/minidev/json-smart/2.5.1/json-smart-2.5.1.jar:/Users/elizabetheilbert/.m2/repository/net/minidev/accessors-smart/2.5.1/accessors-smart-2.5.1.jar:/Users/elizabetheilbert/.m2/repository/org/ow2/asm/asm/9.6/asm-9.6.jar:/Users/elizabetheilbert/.m2/repository/org/assertj/assertj-core/3.24.2/assertj-core-3.24.2.jar:/Users/elizabetheilbert/.m2/repository/org/awaitility/awaitility/4.2.1/awaitility-4.2.1.jar:/Users/elizabetheilbert/.m2/repository/org/hamcrest/hamcrest/2.2/hamcrest-2.2.jar:/Users/elizabetheilbert/.m2/repository/org/junit/jupiter/junit-jupiter/5.10.2/junit-jupiter-5.10.2.jar:/Users/elizabetheilbert/.m2/repository/org/junit/jupiter/junit-jupiter-api/5.10.2/junit-jupiter-api-5.10.2.jar:/Users/elizabetheilbert/.m2/repository/org/opentest4j/opentest4j/1.3.0/opentest4j-1.3.0.jar:/Users/elizabetheilbert/.m2/repository/org/junit/platform/junit-platform-commons/1.10.2/junit-platform-commons-1.10.2.jar:/Users/elizabetheilbert/.m2/repository/org/apiguardian/apiguardian-api/1.1.2/apiguardian-api-1.1.2.jar:/Users/elizabetheilbert/.m2/repository/org/junit/jupiter/junit-jupiter-params/5.10.2/junit-jupiter-params-5.10.2.jar:/Users/elizabetheilbert/.m2/repository/org/junit/jupiter/junit-jupiter-engine/5.10.2/junit-jupiter-engine-5.10.2.jar:/Users/elizabetheilbert/.m2/repository/org/junit/platform/junit-platform-engine/1.10.2/junit-platform-engine-1.10.2.jar:/Users/elizabetheilbert/.m2/repository/org/mockito/mockito-core/5.7.0/mockito-core-5.7.0.jar:/Users/elizabetheilbert/.m2/repository/net/bytebuddy/byte-buddy-agent/1.14.13/byte-buddy-agent-1.14.13.jar:/Users/elizabetheilbert/.m2/repository/org/objenesis/objenesis/3.3/objenesis-3.3.jar:/Users/elizabetheilbert/.m2/repository/org/mockito/mockito-junit-jupiter/5.7.0/mockito-junit-jupiter-5.7.0.jar:/Users/elizabetheilbert/.m2/repository/org/skyscreamer/jsonassert/1.5.1/jsonassert-1.5.1.jar:/Users/elizabetheilbert/.m2/repository/com/vaadin/external/google/android-json/0.0.20131108.vaadin1/android-json-0.0.20131108.vaadin1.jar:/Users/elizabetheilbert/.m2/repository/org/springframework/spring-core/6.1.6/spring-core-6.1.6.jar:/Users/elizabetheilbert/.m2/repository/org/springframework/spring-jcl/6.1.6/spring-jcl-6.1.6.jar:/Users/elizabetheilbert/.m2/repository/org/springframework/spring-test/6.1.6/spring-test-6.1.6.jar:/Users/elizabetheilbert/.m2/repository/org/xmlunit/xmlunit-core/2.9.1/xmlunit-core-2.9.1.jar:/Users/elizabetheilbert/.m2/repository/org/springframework/security/spring-security-test/6.2.4/spring-security-test-6.2.4.jar:/Users/elizabetheilbert/.m2/repository/org/springframework/security/spring-security-core/6.2.4/spring-security-core-6.2.4.jar:/Users/elizabetheilbert/.m2/repository/org/springframework/security/spring-security-crypto/6.2.4/spring-security-crypto-6.2.4.jar:"/>
    <property name="java.vm.vendor" value="Amazon.com Inc."/>
    <property name="sun.arch.data.model" value="64"/>
    <property name="java.vendor.url" value="https://aws.amazon.com/corretto/"/>
    <property name="user.timezone" value="America/Los_Angeles"/>
    <property name="org.jboss.logging.provider" value="slf4j"/>
    <property name="os.name" value="Mac OS X"/>
    <property name="java.vm.specification.version" value="17"/>
    <property name="sun.java.launcher" value="SUN_STANDARD"/>
    <property name="user.country" value="US"/>
    <property name="sun.boot.library.path" value="/Users/elizabetheilbert/Library/Java/JavaVirtualMachines/corretto-17.0.9/Contents/Home/lib"/>
    <property name="sun.java.command" value="/Users/elizabetheilbert/projects/trivia/triviav2/triviav2/backend/target/surefire/surefirebooter-20240527130402901_3.jar /Users/elizabetheilbert/projects/trivia/triviav2/triviav2/backend/target/surefire 2024-05-27T13-04-02_784-jvmRun1 surefire-20240527130402901_1tmp surefire_0-20240527130402901_2tmp"/>
    <property name="http.nonProxyHosts" value="local|*.local|169.254/16|*.169.254/16"/>
    <property name="jdk.debug" value="release"/>
    <property name="surefire.test.class.path" value="/Users/elizabetheilbert/projects/trivia/triviav2/triviav2/backend/target/test-classes:/Users/elizabetheilbert/projects/trivia/triviav2/triviav2/backend/target/classes:/Users/elizabetheilbert/.m2/repository/io/jsonwebtoken/jjwt-api/0.11.5/jjwt-api-0.11.5.jar:/Users/elizabetheilbert/.m2/repository/io/jsonwebtoken/jjwt-impl/0.11.5/jjwt-impl-0.11.5.jar:/Users/elizabetheilbert/.m2/repository/org/mapstruct/mapstruct/1.4.1.Final/mapstruct-1.4.1.Final.jar:/Users/elizabetheilbert/.m2/repository/io/jsonwebtoken/jjwt-jackson/0.11.5/jjwt-jackson-0.11.5.jar:/Users/elizabetheilbert/.m2/repository/com/fasterxml/jackson/core/jackson-databind/2.15.4/jackson-databind-2.15.4.jar:/Users/elizabetheilbert/.m2/repository/com/fasterxml/jackson/core/jackson-annotations/2.15.4/jackson-annotations-2.15.4.jar:/Users/elizabetheilbert/.m2/repository/com/fasterxml/jackson/core/jackson-core/2.15.4/jackson-core-2.15.4.jar:/Users/elizabetheilbert/.m2/repository/org/springframework/boot/spring-boot-starter-data-jpa/3.2.5/spring-boot-starter-data-jpa-3.2.5.jar:/Users/elizabetheilbert/.m2/repository/org/springframework/boot/spring-boot-starter-aop/3.2.5/spring-boot-starter-aop-3.2.5.jar:/Users/elizabetheilbert/.m2/repository/org/aspectj/aspectjweaver/1.9.22/aspectjweaver-1.9.22.jar:/Users/elizabetheilbert/.m2/repository/org/springframework/boot/spring-boot-starter-jdbc/3.2.5/spring-boot-starter-jdbc-3.2.5.jar:/Users/elizabetheilbert/.m2/repository/com/zaxxer/HikariCP/5.0.1/HikariCP-5.0.1.jar:/Users/elizabetheilbert/.m2/repository/org/springframework/spring-jdbc/6.1.6/spring-jdbc-6.1.6.jar:/Users/elizabetheilbert/.m2/repository/org/hibernate/orm/hibernate-core/6.4.4.Final/hibernate-core-6.4.4.Final.jar:/Users/elizabetheilbert/.m2/repository/jakarta/persistence/jakarta.persistence-api/3.1.0/jakarta.persistence-api-3.1.0.jar:/Users/elizabetheilbert/.m2/repository/jakarta/transaction/jakarta.transaction-api/2.0.1/jakarta.transaction-api-2.0.1.jar:/Users/elizabetheilbert/.m2/repository/org/jboss/logging/jboss-logging/3.5.3.Final/jboss-logging-3.5.3.Final.jar:/Users/elizabetheilbert/.m2/repository/org/hibernate/common/hibernate-commons-annotations/6.0.6.Final/hibernate-commons-annotations-6.0.6.Final.jar:/Users/elizabetheilbert/.m2/repository/io/smallrye/jandex/3.1.2/jandex-3.1.2.jar:/Users/elizabetheilbert/.m2/repository/com/fasterxml/classmate/1.6.0/classmate-1.6.0.jar:/Users/elizabetheilbert/.m2/repository/net/bytebuddy/byte-buddy/1.14.13/byte-buddy-1.14.13.jar:/Users/elizabetheilbert/.m2/repository/org/glassfish/jaxb/jaxb-runtime/4.0.5/jaxb-runtime-4.0.5.jar:/Users/elizabetheilbert/.m2/repository/org/glassfish/jaxb/jaxb-core/4.0.5/jaxb-core-4.0.5.jar:/Users/elizabetheilbert/.m2/repository/org/eclipse/angus/angus-activation/2.0.2/angus-activation-2.0.2.jar:/Users/elizabetheilbert/.m2/repository/org/glassfish/jaxb/txw2/4.0.5/txw2-4.0.5.jar:/Users/elizabetheilbert/.m2/repository/com/sun/istack/istack-commons-runtime/4.1.2/istack-commons-runtime-4.1.2.jar:/Users/elizabetheilbert/.m2/repository/jakarta/inject/jakarta.inject-api/2.0.1/jakarta.inject-api-2.0.1.jar:/Users/elizabetheilbert/.m2/repository/org/antlr/antlr4-runtime/4.13.0/antlr4-runtime-4.13.0.jar:/Users/elizabetheilbert/.m2/repository/org/springframework/data/spring-data-jpa/3.2.5/spring-data-jpa-3.2.5.jar:/Users/elizabetheilbert/.m2/repository/org/springframework/data/spring-data-commons/3.2.5/spring-data-commons-3.2.5.jar:/Users/elizabetheilbert/.m2/repository/org/springframework/spring-orm/6.1.6/spring-orm-6.1.6.jar:/Users/elizabetheilbert/.m2/repository/org/springframework/spring-context/6.1.6/spring-context-6.1.6.jar:/Users/elizabetheilbert/.m2/repository/org/springframework/spring-tx/6.1.6/spring-tx-6.1.6.jar:/Users/elizabetheilbert/.m2/repository/org/springframework/spring-beans/6.1.6/spring-beans-6.1.6.jar:/Users/elizabetheilbert/.m2/repository/jakarta/annotation/jakarta.annotation-api/2.1.1/jakarta.annotation-api-2.1.1.jar:/Users/elizabetheilbert/.m2/repository/org/slf4j/slf4j-api/2.0.13/slf4j-api-2.0.13.jar:/Users/elizabetheilbert/.m2/repository/org/springframework/spring-aspects/6.1.6/spring-aspects-6.1.6.jar:/Users/elizabetheilbert/.m2/repository/org/springframework/boot/spring-boot-starter-security/3.2.5/spring-boot-starter-security-3.2.5.jar:/Users/elizabetheilbert/.m2/repository/org/springframework/boot/spring-boot-starter/3.2.5/spring-boot-starter-3.2.5.jar:/Users/elizabetheilbert/.m2/repository/org/springframework/boot/spring-boot/3.2.5/spring-boot-3.2.5.jar:/Users/elizabetheilbert/.m2/repository/org/springframework/boot/spring-boot-autoconfigure/3.2.5/spring-boot-autoconfigure-3.2.5.jar:/Users/elizabetheilbert/.m2/repository/org/springframework/boot/spring-boot-starter-logging/3.2.5/spring-boot-starter-logging-3.2.5.jar:/Users/elizabetheilbert/.m2/repository/ch/qos/logback/logback-classic/1.4.14/logback-classic-1.4.14.jar:/Users/elizabetheilbert/.m2/repository/ch/qos/logback/logback-core/1.4.14/logback-core-1.4.14.jar:/Users/elizabetheilbert/.m2/repository/org/apache/logging/log4j/log4j-to-slf4j/2.21.1/log4j-to-slf4j-2.21.1.jar:/Users/elizabetheilbert/.m2/repository/org/apache/logging/log4j/log4j-api/2.21.1/log4j-api-2.21.1.jar:/Users/elizabetheilbert/.m2/repository/org/slf4j/jul-to-slf4j/2.0.13/jul-to-slf4j-2.0.13.jar:/Users/elizabetheilbert/.m2/repository/org/yaml/snakeyaml/2.2/snakeyaml-2.2.jar:/Users/elizabetheilbert/.m2/repository/org/springframework/spring-aop/6.1.6/spring-aop-6.1.6.jar:/Users/elizabetheilbert/.m2/repository/org/springframework/security/spring-security-config/6.2.4/spring-security-config-6.2.4.jar:/Users/elizabetheilbert/.m2/repository/org/springframework/security/spring-security-web/6.2.4/spring-security-web-6.2.4.jar:/Users/elizabetheilbert/.m2/repository/org/springframework/spring-expression/6.1.6/spring-expression-6.1.6.jar:/Users/elizabetheilbert/.m2/repository/org/springframework/boot/spring-boot-starter-web/3.2.5/spring-boot-starter-web-3.2.5.jar:/Users/elizabetheilbert/.m2/repository/org/springframework/boot/spring-boot-starter-json/3.2.5/spring-boot-starter-json-3.2.5.jar:/Users/elizabetheilbert/.m2/repository/com/fasterxml/jackson/datatype/jackson-datatype-jdk8/2.15.4/jackson-datatype-jdk8-2.15.4.jar:/Users/elizabetheilbert/.m2/repository/com/fasterxml/jackson/datatype/jackson-datatype-jsr310/2.15.4/jackson-datatype-jsr310-2.15.4.jar:/Users/elizabetheilbert/.m2/repository/com/fasterxml/jackson/module/jackson-module-parameter-names/2.15.4/jackson-module-parameter-names-2.15.4.jar:/Users/elizabetheilbert/.m2/repository/org/springframework/boot/spring-boot-starter-tomcat/3.2.5/spring-boot-starter-tomcat-3.2.5.jar:/Users/elizabetheilbert/.m2/repository/org/apache/tomcat/embed/tomcat-embed-core/10.1.20/tomcat-embed-core-10.1.20.jar:/Users/elizabetheilbert/.m2/repository/org/apache/tomcat/embed/tomcat-embed-el/10.1.20/tomcat-embed-el-10.1.20.jar:/Users/elizabetheilbert/.m2/repository/org/apache/tomcat/embed/tomcat-embed-websocket/10.1.20/tomcat-embed-websocket-10.1.20.jar:/Users/elizabetheilbert/.m2/repository/org/springframework/spring-web/6.1.6/spring-web-6.1.6.jar:/Users/elizabetheilbert/.m2/repository/io/micrometer/micrometer-observation/1.12.5/micrometer-observation-1.12.5.jar:/Users/elizabetheilbert/.m2/repository/io/micrometer/micrometer-commons/1.12.5/micrometer-commons-1.12.5.jar:/Users/elizabetheilbert/.m2/repository/org/springframework/spring-webmvc/6.1.6/spring-webmvc-6.1.6.jar:/Users/elizabetheilbert/.m2/repository/org/postgresql/postgresql/42.6.2/postgresql-42.6.2.jar:/Users/elizabetheilbert/.m2/repository/org/checkerframework/checker-qual/3.31.0/checker-qual-3.31.0.jar:/Users/elizabetheilbert/.m2/repository/org/projectlombok/lombok/1.18.32/lombok-1.18.32.jar:/Users/elizabetheilbert/.m2/repository/org/springframework/boot/spring-boot-starter-test/3.2.5/spring-boot-starter-test-3.2.5.jar:/Users/elizabetheilbert/.m2/repository/org/springframework/boot/spring-boot-test/3.2.5/spring-boot-test-3.2.5.jar:/Users/elizabetheilbert/.m2/repository/org/springframework/boot/spring-boot-test-autoconfigure/3.2.5/spring-boot-test-autoconfigure-3.2.5.jar:/Users/elizabetheilbert/.m2/repository/com/jayway/jsonpath/json-path/2.9.0/json-path-2.9.0.jar:/Users/elizabetheilbert/.m2/repository/jakarta/xml/bind/jakarta.xml.bind-api/4.0.2/jakarta.xml.bind-api-4.0.2.jar:/Users/elizabetheilbert/.m2/repository/jakarta/activation/jakarta.activation-api/2.1.3/jakarta.activation-api-2.1.3.jar:/Users/elizabetheilbert/.m2/repository/net/minidev/json-smart/2.5.1/json-smart-2.5.1.jar:/Users/elizabetheilbert/.m2/repository/net/minidev/accessors-smart/2.5.1/accessors-smart-2.5.1.jar:/Users/elizabetheilbert/.m2/repository/org/ow2/asm/asm/9.6/asm-9.6.jar:/Users/elizabetheilbert/.m2/repository/org/assertj/assertj-core/3.24.2/assertj-core-3.24.2.jar:/Users/elizabetheilbert/.m2/repository/org/awaitility/awaitility/4.2.1/awaitility-4.2.1.jar:/Users/elizabetheilbert/.m2/repository/org/hamcrest/hamcrest/2.2/hamcrest-2.2.jar:/Users/elizabetheilbert/.m2/repository/org/junit/jupiter/junit-jupiter/5.10.2/junit-jupiter-5.10.2.jar:/Users/elizabetheilbert/.m2/repository/org/junit/jupiter/junit-jupiter-api/5.10.2/junit-jupiter-api-5.10.2.jar:/Users/elizabetheilbert/.m2/repository/org/opentest4j/opentest4j/1.3.0/opentest4j-1.3.0.jar:/Users/elizabetheilbert/.m2/repository/org/junit/platform/junit-platform-commons/1.10.2/junit-platform-commons-1.10.2.jar:/Users/elizabetheilbert/.m2/repository/org/apiguardian/apiguardian-api/1.1.2/apiguardian-api-1.1.2.jar:/Users/elizabetheilbert/.m2/repository/org/junit/jupiter/junit-jupiter-params/5.10.2/junit-jupiter-params-5.10.2.jar:/Users/elizabetheilbert/.m2/repository/org/junit/jupiter/junit-jupiter-engine/5.10.2/junit-jupiter-engine-5.10.2.jar:/Users/elizabetheilbert/.m2/repository/org/junit/platform/junit-platform-engine/1.10.2/junit-platform-engine-1.10.2.jar:/Users/elizabetheilbert/.m2/repository/org/mockito/mockito-core/5.7.0/mockito-core-5.7.0.jar:/Users/elizabetheilbert/.m2/repository/net/bytebuddy/byte-buddy-agent/1.14.13/byte-buddy-agent-1.14.13.jar:/Users/elizabetheilbert/.m2/repository/org/objenesis/objenesis/3.3/objenesis-3.3.jar:/Users/elizabetheilbert/.m2/repository/org/mockito/mockito-junit-jupiter/5.7.0/mockito-junit-jupiter-5.7.0.jar:/Users/elizabetheilbert/.m2/repository/org/skyscreamer/jsonassert/1.5.1/jsonassert-1.5.1.jar:/Users/elizabetheilbert/.m2/repository/com/vaadin/external/google/android-json/0.0.20131108.vaadin1/android-json-0.0.20131108.vaadin1.jar:/Users/elizabetheilbert/.m2/repository/org/springframework/spring-core/6.1.6/spring-core-6.1.6.jar:/Users/elizabetheilbert/.m2/repository/org/springframework/spring-jcl/6.1.6/spring-jcl-6.1.6.jar:/Users/elizabetheilbert/.m2/repository/org/springframework/spring-test/6.1.6/spring-test-6.1.6.jar:/Users/elizabetheilbert/.m2/repository/org/xmlunit/xmlunit-core/2.9.1/xmlunit-core-2.9.1.jar:/Users/elizabetheilbert/.m2/repository/org/springframework/security/spring-security-test/6.2.4/spring-security-test-6.2.4.jar:/Users/elizabetheilbert/.m2/repository/org/springframework/security/spring-security-core/6.2.4/spring-security-core-6.2.4.jar:/Users/elizabetheilbert/.m2/repository/org/springframework/security/spring-security-crypto/6.2.4/spring-security-crypto-6.2.4.jar:"/>
    <property name="sun.cpu.endian" value="little"/>
    <property name="user.home" value="/Users/elizabetheilbert"/>
    <property name="user.language" value="en"/>
    <property name="java.specification.vendor" value="Oracle Corporation"/>
    <property name="java.version.date" value="2023-10-17"/>
    <property name="java.home" value="/Users/elizabetheilbert/Library/Java/JavaVirtualMachines/corretto-17.0.9/Contents/Home"/>
    <property name="file.separator" value="/"/>
    <property name="style.color" value="always"/>
    <property name="basedir" value="/Users/elizabetheilbert/projects/trivia/triviav2/triviav2/backend"/>
    <property name="java.vm.compressedOopsMode" value="Zero based"/>
    <property name="line.separator" value="&#10;"/>
    <property name="java.vm.specification.vendor" value="Oracle Corporation"/>
    <property name="java.specification.name" value="Java Platform API Specification"/>
    <property name="FILE_LOG_CHARSET" value="UTF-8"/>
    <property name="java.awt.headless" value="true"/>
    <property name="surefire.real.class.path" value="/Users/elizabetheilbert/projects/trivia/triviav2/triviav2/backend/target/surefire/surefirebooter-20240527130402901_3.jar"/>
    <property name="sun.management.compiler" value="HotSpot 64-Bit Tiered Compilers"/>
    <property name="ftp.nonProxyHosts" value="local|*.local|169.254/16|*.169.254/16"/>
    <property name="java.runtime.version" value="17.0.9+8-LTS"/>
    <property name="user.name" value="elizabetheilbert"/>
    <property name="path.separator" value=":"/>
    <property name="os.version" value="14.5"/>
    <property name="java.runtime.name" value="OpenJDK Runtime Environment"/>
    <property name="file.encoding" value="UTF-8"/>
    <property name="java.vm.name" value="OpenJDK 64-Bit Server VM"/>
    <property name="java.vendor.version" value="Corretto-17.0.9.8.1"/>
    <property name="localRepository" value="/Users/elizabetheilbert/.m2/repository"/>
    <property name="java.vendor.url.bug" value="https://github.com/corretto/corretto-17/issues/"/>
    <property name="java.io.tmpdir" value="/var/folders/45/rg7r6b6d3fsf1vwk__ngfvn40000gn/T/"/>
    <property name="com.zaxxer.hikari.pool_number" value="1"/>
    <property name="java.version" value="17.0.9"/>
    <property name="user.dir" value="/Users/elizabetheilbert/projects/trivia/triviav2/triviav2/backend"/>
    <property name="os.arch" value="x86_64"/>
    <property name="java.vm.specification.name" value="Java Virtual Machine Specification"/>
    <property name="PID" value="18321"/>
    <property name="CONSOLE_LOG_CHARSET" value="UTF-8"/>
    <property name="native.encoding" value="UTF-8"/>
    <property name="java.library.path" value="/Users/elizabetheilbert/Library/Java/Extensions:/Library/Java/Extensions:/Network/Library/Java/Extensions:/System/Library/Java/Extensions:/usr/lib/java:."/>
    <property name="java.vm.info" value="mixed mode, sharing"/>
    <property name="java.vendor" value="Amazon.com Inc."/>
    <property name="java.vm.version" value="17.0.9+8-LTS"/>
    <property name="sun.io.unicode.encoding" value="UnicodeBig"/>
    <property name="socksNonProxyHosts" value="local|*.local|169.254/16|*.169.254/16"/>
    <property name="java.class.version" value="61.0"/>
    <property name="LOGGED_APPLICATION_NAME" value="[trivia] "/>
  </properties>
  <testcase name="contextLoads" classname="com.libbi.trivia.TriviaApplicationTests" time="0.638">
    <system-out><![CDATA[13:04:03.863 [main] INFO org.springframework.test.context.support.AnnotationConfigContextLoaderUtils -- Could not detect default configuration classes for test class [com.libbi.trivia.TriviaApplicationTests]: TriviaApplicationTests does not declare any static, non-private, non-final, nested classes annotated with @Configuration.
13:04:04.007 [main] INFO org.springframework.boot.test.context.SpringBootTestContextBootstrapper -- Found @SpringBootConfiguration com.libbi.trivia.TriviaApplication for test class com.libbi.trivia.TriviaApplicationTests

  .   ____          _            __ _ _
 /\\ / ___'_ __ _ _(_)_ __  __ _ \ \ \ \
( ( )\___ | '_ | '_| | '_ \/ _` | \ \ \ \
 \\/  ___)| |_)| | | | | || (_| |  ) ) ) )
  '  |____| .__|_| |_|_| |_\__, | / / / /
 =========|_|==============|___/=/_/_/_/
 :: Spring Boot ::                (v3.2.5)

2024-05-27T13:04:04.489-07:00  INFO 18321 --- [trivia] [           main] c.libbi.trivia.TriviaApplicationTests    : Starting TriviaApplicationTests using Java 17.0.9 with PID 18321 (started by elizabetheilbert in /Users/elizabetheilbert/projects/trivia/triviav2/triviav2/backend)
2024-05-27T13:04:04.491-07:00  INFO 18321 --- [trivia] [           main] c.libbi.trivia.TriviaApplicationTests    : No active profile set, falling back to 1 default profile: "default"
2024-05-27T13:04:05.339-07:00  INFO 18321 --- [trivia] [           main] .s.d.r.c.RepositoryConfigurationDelegate : Bootstrapping Spring Data JPA repositories in DEFAULT mode.
2024-05-27T13:04:05.435-07:00  INFO 18321 --- [trivia] [           main] .s.d.r.c.RepositoryConfigurationDelegate : Finished Spring Data repository scanning in 84 ms. Found 7 JPA repository interfaces.
2024-05-27T13:04:05.986-07:00  INFO 18321 --- [trivia] [           main] o.hibernate.jpa.internal.util.LogHelper  : HHH000204: Processing PersistenceUnitInfo [name: default]
2024-05-27T13:04:06.070-07:00  INFO 18321 --- [trivia] [           main] org.hibernate.Version                    : HHH000412: Hibernate ORM core version 6.4.4.Final
2024-05-27T13:04:06.111-07:00  INFO 18321 --- [trivia] [           main] o.h.c.internal.RegionFactoryInitiator    : HHH000026: Second-level cache disabled
2024-05-27T13:04:06.424-07:00  INFO 18321 --- [trivia] [           main] o.s.o.j.p.SpringPersistenceUnitInfo      : No LoadTimeWeaver setup: ignoring JPA class transformer
2024-05-27T13:04:06.460-07:00  INFO 18321 --- [trivia] [           main] com.zaxxer.hikari.HikariDataSource       : HikariPool-1 - Starting...
2024-05-27T13:04:06.599-07:00  INFO 18321 --- [trivia] [           main] com.zaxxer.hikari.pool.HikariPool        : HikariPool-1 - Added connection org.postgresql.jdbc.PgConnection@da09250
2024-05-27T13:04:06.602-07:00  INFO 18321 --- [trivia] [           main] com.zaxxer.hikari.HikariDataSource       : HikariPool-1 - Start completed.
2024-05-27T13:04:08.148-07:00  INFO 18321 --- [trivia] [           main] o.h.e.t.j.p.i.JtaPlatformInitiator       : HHH000489: No JTA platform available (set 'hibernate.transaction.jta.platform' to enable JTA platform integration)
2024-05-27T13:04:08.187-07:00  WARN 18321 --- [trivia] [           main] o.h.engine.jdbc.spi.SqlExceptionHelper   : SQL Warning Code: 0, SQLState: 00000
2024-05-27T13:04:08.188-07:00  WARN 18321 --- [trivia] [           main] o.h.engine.jdbc.spi.SqlExceptionHelper   : relation "_user" does not exist, skipping
2024-05-27T13:04:08.189-07:00  WARN 18321 --- [trivia] [           main] o.h.engine.jdbc.spi.SqlExceptionHelper   : SQL Warning Code: 0, SQLState: 00000
2024-05-27T13:04:08.189-07:00  WARN 18321 --- [trivia] [           main] o.h.engine.jdbc.spi.SqlExceptionHelper   : relation "answer" does not exist, skipping
2024-05-27T13:04:08.191-07:00  WARN 18321 --- [trivia] [           main] o.h.engine.jdbc.spi.SqlExceptionHelper   : SQL Warning Code: 0, SQLState: 00000
2024-05-27T13:04:08.191-07:00  WARN 18321 --- [trivia] [           main] o.h.engine.jdbc.spi.SqlExceptionHelper   : relation "question" does not exist, skipping
2024-05-27T13:04:08.192-07:00  WARN 18321 --- [trivia] [           main] o.h.engine.jdbc.spi.SqlExceptionHelper   : SQL Warning Code: 0, SQLState: 00000
2024-05-27T13:04:08.192-07:00  WARN 18321 --- [trivia] [           main] o.h.engine.jdbc.spi.SqlExceptionHelper   : relation "question" does not exist, skipping
2024-05-27T13:04:08.194-07:00  WARN 18321 --- [trivia] [           main] o.h.engine.jdbc.spi.SqlExceptionHelper   : SQL Warning Code: 0, SQLState: 00000
2024-05-27T13:04:08.194-07:00  WARN 18321 --- [trivia] [           main] o.h.engine.jdbc.spi.SqlExceptionHelper   : relation "round" does not exist, skipping
2024-05-27T13:04:08.196-07:00  WARN 18321 --- [trivia] [           main] o.h.engine.jdbc.spi.SqlExceptionHelper   : SQL Warning Code: 0, SQLState: 00000
2024-05-27T13:04:08.197-07:00  WARN 18321 --- [trivia] [           main] o.h.engine.jdbc.spi.SqlExceptionHelper   : relation "round_tags" does not exist, skipping
2024-05-27T13:04:08.199-07:00  WARN 18321 --- [trivia] [           main] o.h.engine.jdbc.spi.SqlExceptionHelper   : SQL Warning Code: 0, SQLState: 00000
2024-05-27T13:04:08.199-07:00  WARN 18321 --- [trivia] [           main] o.h.engine.jdbc.spi.SqlExceptionHelper   : relation "submission" does not exist, skipping
2024-05-27T13:04:08.200-07:00  WARN 18321 --- [trivia] [           main] o.h.engine.jdbc.spi.SqlExceptionHelper   : SQL Warning Code: 0, SQLState: 00000
2024-05-27T13:04:08.200-07:00  WARN 18321 --- [trivia] [           main] o.h.engine.jdbc.spi.SqlExceptionHelper   : relation "submission" does not exist, skipping
2024-05-27T13:04:08.201-07:00  WARN 18321 --- [trivia] [           main] o.h.engine.jdbc.spi.SqlExceptionHelper   : SQL Warning Code: 0, SQLState: 00000
2024-05-27T13:04:08.202-07:00  WARN 18321 --- [trivia] [           main] o.h.engine.jdbc.spi.SqlExceptionHelper   : relation "submitted_answers" does not exist, skipping
2024-05-27T13:04:08.203-07:00  WARN 18321 --- [trivia] [           main] o.h.engine.jdbc.spi.SqlExceptionHelper   : SQL Warning Code: 0, SQLState: 00000
2024-05-27T13:04:08.204-07:00  WARN 18321 --- [trivia] [           main] o.h.engine.jdbc.spi.SqlExceptionHelper   : relation "team" does not exist, skipping
2024-05-27T13:04:08.207-07:00  WARN 18321 --- [trivia] [           main] o.h.engine.jdbc.spi.SqlExceptionHelper   : SQL Warning Code: 0, SQLState: 00000
2024-05-27T13:04:08.207-07:00  WARN 18321 --- [trivia] [           main] o.h.engine.jdbc.spi.SqlExceptionHelper   : relation "token" does not exist, skipping
2024-05-27T13:04:08.210-07:00  WARN 18321 --- [trivia] [           main] o.h.engine.jdbc.spi.SqlExceptionHelper   : SQL Warning Code: 0, SQLState: 00000
2024-05-27T13:04:08.210-07:00  WARN 18321 --- [trivia] [           main] o.h.engine.jdbc.spi.SqlExceptionHelper   : table "_user" does not exist, skipping
2024-05-27T13:04:08.212-07:00  WARN 18321 --- [trivia] [           main] o.h.engine.jdbc.spi.SqlExceptionHelper   : SQL Warning Code: 0, SQLState: 00000
2024-05-27T13:04:08.212-07:00  WARN 18321 --- [trivia] [           main] o.h.engine.jdbc.spi.SqlExceptionHelper   : table "answer" does not exist, skipping
2024-05-27T13:04:08.214-07:00  WARN 18321 --- [trivia] [           main] o.h.engine.jdbc.spi.SqlExceptionHelper   : SQL Warning Code: 0, SQLState: 00000
2024-05-27T13:04:08.215-07:00  WARN 18321 --- [trivia] [           main] o.h.engine.jdbc.spi.SqlExceptionHelper   : table "game" does not exist, skipping
2024-05-27T13:04:08.216-07:00  WARN 18321 --- [trivia] [           main] o.h.engine.jdbc.spi.SqlExceptionHelper   : SQL Warning Code: 0, SQLState: 00000
2024-05-27T13:04:08.216-07:00  WARN 18321 --- [trivia] [           main] o.h.engine.jdbc.spi.SqlExceptionHelper   : table "question" does not exist, skipping
2024-05-27T13:04:08.217-07:00  WARN 18321 --- [trivia] [           main] o.h.engine.jdbc.spi.SqlExceptionHelper   : SQL Warning Code: 0, SQLState: 00000
2024-05-27T13:04:08.218-07:00  WARN 18321 --- [trivia] [           main] o.h.engine.jdbc.spi.SqlExceptionHelper   : table "round" does not exist, skipping
2024-05-27T13:04:08.219-07:00  WARN 18321 --- [trivia] [           main] o.h.engine.jdbc.spi.SqlExceptionHelper   : SQL Warning Code: 0, SQLState: 00000
2024-05-27T13:04:08.219-07:00  WARN 18321 --- [trivia] [           main] o.h.engine.jdbc.spi.SqlExceptionHelper   : table "round_tags" does not exist, skipping
2024-05-27T13:04:08.220-07:00  WARN 18321 --- [trivia] [           main] o.h.engine.jdbc.spi.SqlExceptionHelper   : SQL Warning Code: 0, SQLState: 00000
2024-05-27T13:04:08.220-07:00  WARN 18321 --- [trivia] [           main] o.h.engine.jdbc.spi.SqlExceptionHelper   : table "submission" does not exist, skipping
2024-05-27T13:04:08.222-07:00  WARN 18321 --- [trivia] [           main] o.h.engine.jdbc.spi.SqlExceptionHelper   : SQL Warning Code: 0, SQLState: 00000
2024-05-27T13:04:08.222-07:00  WARN 18321 --- [trivia] [           main] o.h.engine.jdbc.spi.SqlExceptionHelper   : table "submitted_answers" does not exist, skipping
2024-05-27T13:04:08.226-07:00  WARN 18321 --- [trivia] [           main] o.h.engine.jdbc.spi.SqlExceptionHelper   : SQL Warning Code: 0, SQLState: 00000
2024-05-27T13:04:08.227-07:00  WARN 18321 --- [trivia] [           main] o.h.engine.jdbc.spi.SqlExceptionHelper   : table "team" does not exist, skipping
2024-05-27T13:04:08.229-07:00  WARN 18321 --- [trivia] [           main] o.h.engine.jdbc.spi.SqlExceptionHelper   : SQL Warning Code: 0, SQLState: 00000
2024-05-27T13:04:08.229-07:00  WARN 18321 --- [trivia] [           main] o.h.engine.jdbc.spi.SqlExceptionHelper   : table "token" does not exist, skipping
2024-05-27T13:04:08.230-07:00  WARN 18321 --- [trivia] [           main] o.h.engine.jdbc.spi.SqlExceptionHelper   : SQL Warning Code: 0, SQLState: 00000
2024-05-27T13:04:08.231-07:00  WARN 18321 --- [trivia] [           main] o.h.engine.jdbc.spi.SqlExceptionHelper   : sequence "answer_sequence" does not exist, skipping
2024-05-27T13:04:08.232-07:00  WARN 18321 --- [trivia] [           main] o.h.engine.jdbc.spi.SqlExceptionHelper   : SQL Warning Code: 0, SQLState: 00000
2024-05-27T13:04:08.232-07:00  WARN 18321 --- [trivia] [           main] o.h.engine.jdbc.spi.SqlExceptionHelper   : sequence "game_sequence" does not exist, skipping
2024-05-27T13:04:08.233-07:00  WARN 18321 --- [trivia] [           main] o.h.engine.jdbc.spi.SqlExceptionHelper   : SQL Warning Code: 0, SQLState: 00000
2024-05-27T13:04:08.233-07:00  WARN 18321 --- [trivia] [           main] o.h.engine.jdbc.spi.SqlExceptionHelper   : sequence "question_sequence" does not exist, skipping
2024-05-27T13:04:08.234-07:00  WARN 18321 --- [trivia] [           main] o.h.engine.jdbc.spi.SqlExceptionHelper   : SQL Warning Code: 0, SQLState: 00000
2024-05-27T13:04:08.234-07:00  WARN 18321 --- [trivia] [           main] o.h.engine.jdbc.spi.SqlExceptionHelper   : sequence "round_sequence" does not exist, skipping
2024-05-27T13:04:08.235-07:00  WARN 18321 --- [trivia] [           main] o.h.engine.jdbc.spi.SqlExceptionHelper   : SQL Warning Code: 0, SQLState: 00000
2024-05-27T13:04:08.236-07:00  WARN 18321 --- [trivia] [           main] o.h.engine.jdbc.spi.SqlExceptionHelper   : sequence "submission_sequence" does not exist, skipping
2024-05-27T13:04:08.237-07:00  WARN 18321 --- [trivia] [           main] o.h.engine.jdbc.spi.SqlExceptionHelper   : SQL Warning Code: 0, SQLState: 00000
2024-05-27T13:04:08.237-07:00  WARN 18321 --- [trivia] [           main] o.h.engine.jdbc.spi.SqlExceptionHelper   : sequence "team_sequence" does not exist, skipping
2024-05-27T13:04:08.238-07:00  WARN 18321 --- [trivia] [           main] o.h.engine.jdbc.spi.SqlExceptionHelper   : SQL Warning Code: 0, SQLState: 00000
2024-05-27T13:04:08.238-07:00  WARN 18321 --- [trivia] [           main] o.h.engine.jdbc.spi.SqlExceptionHelper   : sequence "token_seq" does not exist, skipping
2024-05-27T13:04:08.239-07:00  WARN 18321 --- [trivia] [           main] o.h.engine.jdbc.spi.SqlExceptionHelper   : SQL Warning Code: 0, SQLState: 00000
2024-05-27T13:04:08.240-07:00  WARN 18321 --- [trivia] [           main] o.h.engine.jdbc.spi.SqlExceptionHelper   : sequence "user_sequence" does not exist, skipping
2024-05-27T13:04:08.349-07:00  INFO 18321 --- [trivia] [           main] j.LocalContainerEntityManagerFactoryBean : Initialized JPA EntityManagerFactory for persistence unit 'default'
2024-05-27T13:04:08.858-07:00  INFO 18321 --- [trivia] [           main] o.s.d.j.r.query.QueryEnhancerFactory     : Hibernate is in classpath; If applicable, HQL parser will be used.
2024-05-27T13:04:09.385-07:00  WARN 18321 --- [trivia] [           main] JpaBaseConfiguration$JpaWebConfiguration : spring.jpa.open-in-view is enabled by default. Therefore, database queries may be performed during view rendering. Explicitly configure spring.jpa.open-in-view to disable this warning
2024-05-27T13:04:09.796-07:00  INFO 18321 --- [trivia] [           main] o.s.s.web.DefaultSecurityFilterChain     : Will secure any request with [org.springframework.security.web.session.DisableEncodeUrlFilter@24c04958, org.springframework.security.web.context.request.async.WebAsyncManagerIntegrationFilter@649a76c1, org.springframework.security.web.context.SecurityContextHolderFilter@455082d2, org.springframework.security.web.header.HeaderWriterFilter@7f68e671, org.springframework.web.filter.CorsFilter@2394fad2, org.springframework.security.web.authentication.logout.LogoutFilter@2c05ccdb, com.libbi.trivia.config.JwtAuthenticationFilter@25699129, org.springframework.security.web.savedrequest.RequestCacheAwareFilter@c82f6bd, org.springframework.security.web.servletapi.SecurityContextHolderAwareRequestFilter@2e70d072, org.springframework.security.web.authentication.AnonymousAuthenticationFilter@53785d1a, org.springframework.security.web.session.SessionManagementFilter@56313529, org.springframework.security.web.access.ExceptionTranslationFilter@60610a2b, org.springframework.security.web.access.intercept.AuthorizationFilter@7d97a1a0]
2024-05-27T13:04:10.155-07:00  INFO 18321 --- [trivia] [           main] c.libbi.trivia.TriviaApplicationTests    : Started TriviaApplicationTests in 5.949 seconds (process running for 7.151)
]]></system-out>
  </testcase>
</testsuite>